生成启动时间为 2018/5/6 20:33:44。
     1>项目“D:\work\BatteryManage\GridControl0010\GridControl0010.vcxproj”在节点 4 上(Rebuild 个目标)。
     1>ClCompile:
         D:\Program Files (x86)\Microsoft Visual Studio 12.0\VC\bin\CL.exe /c /ZI /nologo /W3 /WX- /sdl- /Od /Oy- /D WIN32 /D _WINDOWS /D _DEBUG /D _UNICODE /D UNICODE /D _AFXDLL /Gm /EHsc /RTC1 /MDd /GS /fp:precise /Zc:wchar_t /Zc:forScope /Yc"stdafx.h" /Fp"Debug\GridControl0010.pch" /Fo"Debug\\" /Fd"Debug\vc120.pdb" /Gd /TP /analyze- /errorReport:prompt stdafx.cpp
         stdafx.cpp
         D:\Program Files (x86)\Microsoft Visual Studio 12.0\VC\bin\CL.exe /c /ZI /nologo /W3 /WX- /sdl- /Od /Oy- /D WIN32 /D _WINDOWS /D _DEBUG /D _UNICODE /D UNICODE /D _AFXDLL /Gm /EHsc /RTC1 /MDd /GS /fp:precise /Zc:wchar_t /Zc:forScope /Yu"stdafx.h" /Fp"Debug\GridControl0010.pch" /Fo"Debug\\" /Fd"Debug\vc120.pdb" /Gd /TP /analyze- /errorReport:prompt GridControl0010.cpp GridControl0010Dlg.cpp GridCtrl_src\GridCell.cpp GridCtrl_src\GridCellBase.cpp GridCtrl_src\GridCtrl.cpp GridCtrl_src\GridDropTarget.cpp GridCtrl_src\InPlaceEdit.cpp GridCtrl_src\TitleTip.cpp
         TitleTip.cpp
         InPlaceEdit.cpp
         GridDropTarget.cpp
         GridCtrl.cpp
     1>d:\work\batterymanage\gridcontrol0010\gridctrl_src\gridctrl.cpp(164): warning C4996: 'GetVersionExW': 被声明为已否决
                 c:\program files (x86)\windows kits\8.1\include\um\sysinfoapi.h(442) : 参见“GetVersionExW”的声明
         GridCellBase.cpp
         GridCell.cpp
     1>d:\work\batterymanage\gridcontrol0010\gridctrl_src\gridcell.cpp(235): warning C4996: 'GetVersionExW': 被声明为已否决
                 c:\program files (x86)\windows kits\8.1\include\um\sysinfoapi.h(442) : 参见“GetVersionExW”的声明
     1>d:\work\batterymanage\gridcontrol0010\gridctrl_src\gridcell.cpp(238): warning C4996: 'GetVersionExW': 被声明为已否决
                 c:\program files (x86)\windows kits\8.1\include\um\sysinfoapi.h(442) : 参见“GetVersionExW”的声明
         GridControl0010Dlg.cpp
         GridControl0010.cpp
         正在生成代码...
       ResourceCompile:
         C:\Program Files (x86)\Windows Kits\8.1\bin\x86\rc.exe /D _DEBUG /D _UNICODE /D UNICODE /D _AFXDLL /l"0x0804" /IDebug\ /nologo /fo"Debug\GridControl0010.res" GridControl0010.rc 
       Link:
         D:\Program Files (x86)\Microsoft Visual Studio 12.0\VC\bin\link.exe /ERRORREPORT:PROMPT /OUT:"D:\work\BatteryManage\Debug\GridControl0010.exe" /INCREMENTAL /NOLOGO /MANIFEST /MANIFESTUAC:"level='asInvoker' uiAccess='false'" /manifest:embed /manifestinput:"D:\Program Files (x86)\Microsoft Visual Studio 12.0\VC\Include\Manifest\dpiaware.manifest" /DEBUG /PDB:"D:\work\BatteryManage\Debug\GridControl0010.pdb" /SUBSYSTEM:WINDOWS /TLBID:1 /ENTRY:"wWinMainCRTStartup" /DYNAMICBASE /NXCOMPAT /IMPLIB:"D:\work\BatteryManage\Debug\GridControl0010.lib" /MACHINE:X86 Debug\GridControl0010.res
         Debug\GridControl0010.obj
         Debug\GridControl0010Dlg.obj
         Debug\GridCell.obj
         Debug\GridCellBase.obj
         Debug\GridCtrl.obj
         Debug\GridDropTarget.obj
         Debug\InPlaceEdit.obj
         Debug\TitleTip.obj
         Debug\stdafx.obj
         GridControl0010.vcxproj -> D:\work\BatteryManage\Debug\GridControl0010.exe
     1>已完成生成项目“D:\work\BatteryManage\GridControl0010\GridControl0010.vcxproj”(Rebuild 个目标)的操作。

生成成功。

已用时间 00:00:10.01
